<?xml version="1.0" encoding="UTF-8"?>
<!-- Generated by org.testng.reporters.JUnitXMLReporter -->
<testsuite hostname="ShekarSharma-PC" name="Googles Test" tests="4" failures="0" timestamp="31 Jul 2015 08:52:34 GMT" time="0.008" errors="0">
  <testcase name="GoogleStop" time="0.001" classname="com.Google.Google">
    <skipped/>
  </testcase> <!-- GoogleStop -->
  <testcase name="Googlestart" time="0.0" classname="com.Google.Google"/>
  <testcase name="Login" time="0.0" classname="com.Google.GmailLogin"/>
  <testcase name="Login" time="0.001" classname="com.Google.GmailLogin"/>
</testsuite> <!-- Googles Test -->
